CareSupport/Library/Bee/Android/Prj/Mono2x/Gradle/unityLibrary/FirebaseApp.androidlib/build/intermediates/manifest_merge_blame_file/debug/manifest-merger-blame-debug-report.txt
1<?xml version="1.0" encoding="utf-8"?>
2<manifest xmlns:android="http://schemas.android.com/apk/res/android"
3    package="com.google.firebase.app.unity"
4    android:versionCode="1"
5    android:versionName="1.0" >
6
7    <uses-sdk
8        android:minSdkVersion="1"
8-->unityLibrary\FirebaseApp.androidlib\AndroidManifest.xml
9        android:targetSdkVersion="9" />
9-->unityLibrary\FirebaseApp.androidlib\AndroidManifest.xml
10
11</manifest>